2024-02-16 00:03:18,553 - bot_logger - INFO - Получено сообщение от пользователя: Пипяо
2024-02-16 00:03:20,516 - bot_logger - INFO - Получено сообщение от пользователя: /help
2024-02-16 00:03:25,344 - bot_logger - INFO - Получено сообщение от пользователя: Дада
2024-02-16 00:03:27,598 - bot_logger - INFO - Получено сообщение от пользователя: Привет
2024-02-16 00:16:16,484 - bot_logger - INFO - Получено сообщение от пользователя: /start
2024-02-16 00:16:18,358 - bot_logger - INFO - Получено сообщение от пользователя: /help
2024-02-16 00:16:20,225 - bot_logger - INFO - Получено сообщение от пользователя: /convert
2024-02-16 00:16:24,302 - bot_logger - INFO - Получено сообщение от пользователя: USD
2024-02-16 00:16:26,001 - bot_logger - INFO - Получено сообщение от пользователя: RUB
2024-02-16 00:16:27,939 - bot_logger - INFO - Получено сообщение от пользователя: 100
2024-02-16 00:16:35,161 - bot_logger - INFO - Получено сообщение от пользователя: /help
2024-02-16 00:16:36,701 - bot_logger - INFO - Получено сообщение от пользователя: /convert
2024-02-16 00:16:38,454 - bot_logger - INFO - Получено сообщение от пользователя: RUB
2024-02-16 00:16:41,073 - bot_logger - INFO - Получено сообщение от пользователя: Рвов
2024-02-16 00:16:45,603 - bot_logger - INFO - Получено сообщение от пользователя: /convert
2024-02-16 00:16:49,251 - bot_logger - INFO - Получено сообщение от пользователя: /help
2024-02-16 00:16:52,521 - bot_logger - INFO - Получено сообщение от пользователя: USD
2024-02-16 00:16:54,751 - bot_logger - INFO - Получено сообщение от пользователя: RUB
2024-02-16 00:16:57,360 - bot_logger - INFO - Получено сообщение от пользователя: 300
2024-02-16 00:17:02,734 - bot_logger - INFO - Получено сообщение от пользователя: /help
